{
  '600662658965831690': [ 'jen ', '1Vni0y4no63aMqBdbH2EUawD20TUbGRasISnO5gczVB8' ],
  '311867244063752192': [ '馬鈴薯汁', '1Vni0y4no63aMqBdbH2EUawD20TUbGRasISnO5gczVB8' ],
  '321976212190658581': [ '修特帕魯', '1Vni0y4no63aMqBdbH2EUawD20TUbGRasISnO5gczVB8' ],
  '453176226950021120': [ '老蘇', '1Vni0y4no63aMqBdbH2EUawD20TUbGRasISnO5gczVB8' ],
  '466472851839385611': [ 501, '1Vni0y4no63aMqBdbH2EUawD20TUbGRasISnO5gczVB8' ],
  '469694605785300994': [ '多毛怪', '1Vni0y4no63aMqBdbH2EUawD20TUbGRasISnO5gczVB8' ],
  '456823298076966913': [ '峻岳', '1Vni0y4no63aMqBdbH2EUawD20TUbGRasISnO5gczVB8' ],
  '353514494389125120': [ '卡嘎米', '1Vni0y4no63aMqBdbH2EUawD20TUbGRasISnO5gczVB8' ],
  '420584215814471681': [ '不要太用力', '1Vni0y4no63aMqBdbH2EUawD20TUbGRasISnO5gczVB8' ],
  '421622962865831943': [ 'yuxuan', '1Vni0y4no63aMqBdbH2EUawD20TUbGRasISnO5gczVB8' ],
  '229973611530813441': [ '耶穌', '1Vni0y4no63aMqBdbH2EUawD20TUbGRasISnO5gczVB8' ],
  '417517758469898243': [ 'MENG-JHIH', '1Vni0y4no63aMqBdbH2EUawD20TUbGRasISnO5gczVB8' ],
  '493760542587092993': [ '漂浮冰淇淋', '1Vni0y4no63aMqBdbH2EUawD20TUbGRasISnO5gczVB8' ],
  '491278944981483543': [ 'Bosco', '1Vni0y4no63aMqBdbH2EUawD20TUbGRasISnO5gczVB8' ],
  '254469663491227648': [ '千鶴醬', '1Vni0y4no63aMqBdbH2EUawD20TUbGRasISnO5gczVB8' ],
  undefined: [ undefined, '1Vni0y4no63aMqBdbH2EUawD20TUbGRasISnO5gczVB8' ],
  '695892864218955818': [ 'makura', '1Vni0y4no63aMqBdbH2EUawD20TUbGRasISnO5gczVB8' ]
}
Ames is ready.
{
  '600662658965831690': [ 'jen ', '1Vni0y4no63aMqBdbH2EUawD20TUbGRasISnO5gczVB8' ],
  '311867244063752192': [ '馬鈴薯汁', '1Vni0y4no63aMqBdbH2EUawD20TUbGRasISnO5gczVB8' ],
  '321976212190658581': [ '修特帕魯', '1Vni0y4no63aMqBdbH2EUawD20TUbGRasISnO5gczVB8' ],
  '453176226950021120': [ '老蘇', '1Vni0y4no63aMqBdbH2EUawD20TUbGRasISnO5gczVB8' ],
  '466472851839385611': [ 501, '1Vni0y4no63aMqBdbH2EUawD20TUbGRasISnO5gczVB8' ],
  '469694605785300994': [ '多毛怪', '1Vni0y4no63aMqBdbH2EUawD20TUbGRasISnO5gczVB8' ],
  '456823298076966913': [ '峻岳', '1Vni0y4no63aMqBdbH2EUawD20TUbGRasISnO5gczVB8' ],
  '353514494389125120': [ '卡嘎米', '1Vni0y4no63aMqBdbH2EUawD20TUbGRasISnO5gczVB8' ],
  '420584215814471681': [ '不要太用力', '1Vni0y4no63aMqBdbH2EUawD20TUbGRasISnO5gczVB8' ],
  '421622962865831943': [ 'yuxuan', '1Vni0y4no63aMqBdbH2EUawD20TUbGRasISnO5gczVB8' ],
  '229973611530813441': [ '耶穌', '1Vni0y4no63aMqBdbH2EUawD20TUbGRasISnO5gczVB8' ],
  '417517758469898243': [ 'MENG-JHIH', '1Vni0y4no63aMqBdbH2EUawD20TUbGRasISnO5gczVB8' ],
  '493760542587092993': [ '漂浮冰淇淋', '1Vni0y4no63aMqBdbH2EUawD20TUbGRasISnO5gczVB8' ],
  '491278944981483543': [ 'Bosco', '1Vni0y4no63aMqBdbH2EUawD20TUbGRasISnO5gczVB8' ],
  '254469663491227648': [ '千鶴醬', '1Vni0y4no63aMqBdbH2EUawD20TUbGRasISnO5gczVB8' ],
  undefined: [ undefined, '1Vni0y4no63aMqBdbH2EUawD20TUbGRasISnO5gczVB8' ],
  '695892864218955818': [ 'makura', '1Vni0y4no63aMqBdbH2EUawD20TUbGRasISnO5gczVB8' ]
}
